SF:lib/src/die_roll.dart
DA:8,4
DA:25,1
DA:27,1
DA:30,1
DA:31,1
DA:32,1
DA:36,1
DA:37,1
DA:38,1
DA:41,2
DA:61,1
DA:62,1
DA:63,1
DA:64,4
DA:65,3
DA:67,3
DA:68,3
DA:70,1
DA:81,1
DA:83,2
DA:84,2
DA:90,1
DA:91,2
DA:92,1
DA:93,4
DA:94,1
DA:95,3
DA:101,2
DA:103,2
DA:105,2
DA:106,1
DA:107,2
DA:108,1
DA:110,2
DA:111,1
DA:112,2
DA:113,1
DA:115,1
DA:116,3
DA:118,1
DA:119,4
DA:121,1
DA:122,2
DA:123,1
DA:124,6
DA:126,1
DA:128,7
DA:130,1
DA:131,5
DA:135,1
DA:137,1
DA:140,1
DA:141,3
DA:142,3
LF:54
LH:54
end_of_record
